Построение начато 10.09.2018 21:47:51.
     1>Проект "C:\Users\usera\Documents\Visual Studio 2012\Projects\kkursovik\kkursovik\kkursovik.vcxproj" в узле 2 (целевые объекты Build).
     1>ClCompile:
         D:\Microsoft Visual Studio 11.0\VC\bin\CL.exe /c /ZI /nologo /W3 /WX- /Od /Oy- /D WIN32 /D _DEBUG /D _CONSOLE /D _UNICODE /D UNICODE /Gm /EHsc /RTC1 /MDd /GS /fp:precise /Zc:wchar_t /Zc:forScope /Fo"Debug\\" /Fd"Debug\vc110.pdb" /Gd /TP /analyze- /errorReport:prompt main.cpp
         main.cpp
     1>c:\users\usera\documents\visual studio 2012\projects\kkursovik\kkursovik\auto.h(82): error C2440: =: невозможно преобразовать "std::string" в "int"
                 Для выполнения данного преобразования нет доступного оператора преобразования, определенного пользователем, или вызов оператора невозможен
     1>c:\users\usera\documents\visual studio 2012\projects\kkursovik\kkursovik\auto.h(83): error C2440: =: невозможно преобразовать "std::string" в "int"
                 Для выполнения данного преобразования нет доступного оператора преобразования, определенного пользователем, или вызов оператора невозможен
     1>c:\users\usera\documents\visual studio 2012\projects\kkursovik\kkursovik\auto.h(84): error C2440: =: невозможно преобразовать "std::string" в "int"
                 Для выполнения данного преобразования нет доступного оператора преобразования, определенного пользователем, или вызов оператора невозможен
     1>c:\users\usera\documents\visual studio 2012\projects\kkursovik\kkursovik\auto.h(85): error C2440: =: невозможно преобразовать "std::string" в "int"
                 Для выполнения данного преобразования нет доступного оператора преобразования, определенного пользователем, или вызов оператора невозможен
     1>c:\users\usera\documents\visual studio 2012\projects\kkursovik\kkursovik\auto.h(86): error C2440: =: невозможно преобразовать "std::string" в "int"
                 Для выполнения данного преобразования нет доступного оператора преобразования, определенного пользователем, или вызов оператора невозможен
     1>c:\users\usera\documents\visual studio 2012\projects\kkursovik\kkursovik\auto.h(88): error C2440: =: невозможно преобразовать "std::string" в "int"
                 Для выполнения данного преобразования нет доступного оператора преобразования, определенного пользователем, или вызов оператора невозможен
     1>c:\users\usera\documents\visual studio 2012\projects\kkursovik\kkursovik\auto.h(89): error C2440: =: невозможно преобразовать "std::string" в "int"
                 Для выполнения данного преобразования нет доступного оператора преобразования, определенного пользователем, или вызов оператора невозможен
     1>c:\users\usera\documents\visual studio 2012\projects\kkursovik\kkursovik\auto.h(106): error C2511: void Auto::Print2(std::ostream &) const: перегруженная функция-член не найдена в "Auto"
                 c:\users\usera\documents\visual studio 2012\projects\kkursovik\kkursovik\auto.h(35): см. объявление "Auto"
     1>c:\users\usera\documents\visual studio 2012\projects\kkursovik\kkursovik\auto.h(117): error C2039: Print3: не является членом "Auto"
                 c:\users\usera\documents\visual studio 2012\projects\kkursovik\kkursovik\auto.h(35): см. объявление "Auto"
     1>c:\users\usera\documents\visual studio 2012\projects\kkursovik\kkursovik\auto.h(118): error C2270: Print3: модификаторы недопустимы для функций, не являющихся членами
     1>c:\users\usera\documents\visual studio 2012\projects\kkursovik\kkursovik\auto.h(119): error C2065: cost: необъявленный идентификатор
     1>c:\users\usera\documents\visual studio 2012\projects\kkursovik\kkursovik\auto.h(120): error C2065: amount: необъявленный идентификатор
     1>c:\users\usera\documents\visual studio 2012\projects\kkursovik\kkursovik\auto.h(121): error C2065: num_of_m: необъявленный идентификатор
     1>c:\users\usera\documents\visual studio 2012\projects\kkursovik\kkursovik\auto.h(122): error C2065: year: необъявленный идентификатор
     1>c:\users\usera\documents\visual studio 2012\projects\kkursovik\kkursovik\auto.h(123): error C2065: yaer_go: необъявленный идентификатор
     1>c:\users\usera\documents\visual studio 2012\projects\kkursovik\kkursovik\auto.h(124): error C2065: type_of_oil: необъявленный идентификатор
     1>c:\users\usera\documents\visual studio 2012\projects\kkursovik\kkursovik\auto.h(125): error C2065: place: необъявленный идентификатор
     1>c:\users\usera\documents\visual studio 2012\projects\kkursovik\kkursovik\auto.h(126): error C2065: mass: необъявленный идентификатор
     1>c:\users\usera\documents\visual studio 2012\projects\kkursovik\kkursovik\auto.h(127): error C2065: number_of: необъявленный идентификатор
     1>c:\users\usera\documents\visual studio 2012\projects\kkursovik\kkursovik\auto.h(142): error C2146: синтаксическая ошибка: отсутствие ";" перед идентификатором "type"
     1>c:\users\usera\documents\visual studio 2012\projects\kkursovik\kkursovik\auto.h(142): error C2259: Auto: невозможно создать экземпляр абстрактного класса
                 из-за следующих членов:
                 const AutoType &Auto::Type(void) const: абстрактный
                 c:\users\usera\documents\visual studio 2012\projects\kkursovik\kkursovik\auto.h(47): см. объявление "Auto::Type"
     1>c:\users\usera\documents\visual studio 2012\projects\kkursovik\kkursovik\auto.h(142): error C4430: отсутствует спецификатор типа - предполагается int. Примечание. C++ не поддерживает int по умолчанию
     1>c:\users\usera\documents\visual studio 2012\projects\kkursovik\kkursovik\auto.h(145): error C2365: h_car::Type: переопределение; предыдущим определением было "данные-член"
                 c:\users\usera\documents\visual studio 2012\projects\kkursovik\kkursovik\auto.h(142): см. объявление "h_car::Type"
     1>c:\users\usera\documents\visual studio 2012\projects\kkursovik\kkursovik\auto.h(144): error C2065: type: необъявленный идентификатор
     1>c:\users\usera\documents\visual studio 2012\projects\kkursovik\kkursovik\auto.h(144): error C2228: выражение слева от ".count" должно представлять класс, структуру или объединение
                 тип: 'unknown-type'
     1>c:\users\usera\documents\visual studio 2012\projects\kkursovik\kkursovik\auto.h(145): error C2065: type: необъявленный идентификатор
     1>c:\users\usera\documents\visual studio 2012\projects\kkursovik\kkursovik\auto.h(152): error C2146: синтаксическая ошибка: отсутствие ";" перед идентификатором "type"
     1>c:\users\usera\documents\visual studio 2012\projects\kkursovik\kkursovik\auto.h(152): error C2259: Auto: невозможно создать экземпляр абстрактного класса
                 из-за следующих членов:
                 const AutoType &Auto::Type(void) const: абстрактный
                 c:\users\usera\documents\visual studio 2012\projects\kkursovik\kkursovik\auto.h(47): см. объявление "Auto::Type"
     1>c:\users\usera\documents\visual studio 2012\projects\kkursovik\kkursovik\auto.h(152): error C4430: отсутствует спецификатор типа - предполагается int. Примечание. C++ не поддерживает int по умолчанию
     1>c:\users\usera\documents\visual studio 2012\projects\kkursovik\kkursovik\auto.h(155): error C2365: t_car::Type: переопределение; предыдущим определением было "данные-член"
                 c:\users\usera\documents\visual studio 2012\projects\kkursovik\kkursovik\auto.h(152): см. объявление "t_car::Type"
     1>c:\users\usera\documents\visual studio 2012\projects\kkursovik\kkursovik\auto.h(154): error C2065: type: необъявленный идентификатор
     1>c:\users\usera\documents\visual studio 2012\projects\kkursovik\kkursovik\auto.h(154): error C2228: выражение слева от ".count" должно представлять класс, структуру или объединение
                 тип: 'unknown-type'
     1>c:\users\usera\documents\visual studio 2012\projects\kkursovik\kkursovik\auto.h(155): error C2065: type: необъявленный идентификатор
     1>c:\users\usera\documents\visual studio 2012\projects\kkursovik\kkursovik\auto.h(163): error C2039: Print3: не является членом "Auto"
                 c:\users\usera\documents\visual studio 2012\projects\kkursovik\kkursovik\auto.h(35): см. объявление "Auto"
     1>c:\users\usera\documents\visual studio 2012\projects\kkursovik\kkursovik\auto.h(167): error C2039: Print3: не является членом "Auto"
                 c:\users\usera\documents\visual studio 2012\projects\kkursovik\kkursovik\auto.h(35): см. объявление "Auto"
     1>c:\users\usera\documents\visual studio 2012\projects\kkursovik\kkursovik\auto.h(170): error C2039: Print3: не является членом "Auto"
                 c:\users\usera\documents\visual studio 2012\projects\kkursovik\kkursovik\auto.h(35): см. объявление "Auto"
     1>c:\users\usera\documents\visual studio 2012\projects\kkursovik\kkursovik\auto.h(173): error C2039: type: не является членом "h_car"
                 c:\users\usera\documents\visual studio 2012\projects\kkursovik\kkursovik\auto.h(140): см. объявление "h_car"
     1>c:\users\usera\documents\visual studio 2012\projects\kkursovik\kkursovik\auto.h(174): error C2039: type: не является членом "t_car"
                 c:\users\usera\documents\visual studio 2012\projects\kkursovik\kkursovik\auto.h(150): см. объявление "t_car"
     1>c:\users\usera\documents\visual studio 2012\projects\kkursovik\kkursovik\auto.h(174): error C2374: type: переопределение; множественная инициализация
                 c:\users\usera\documents\visual studio 2012\projects\kkursovik\kkursovik\auto.h(173): см. объявление "type"
     1>c:\users\usera\documents\visual studio 2012\projects\kkursovik\kkursovik\factory.h(71): error C2039: Print3: не является членом "Auto"
                 c:\users\usera\documents\visual studio 2012\projects\kkursovik\kkursovik\auto.h(35): см. объявление "Auto"
     1>c:\users\usera\documents\visual studio 2012\projects\kkursovik\kkursovik\main.cpp(12): error C3861: fstreamfilestr: идентификатор не найден
     1>c:\users\usera\documents\visual studio 2012\projects\kkursovik\kkursovik\main.cpp(83): error C3861: fstreamfilestr: идентификатор не найден
     1>c:\users\usera\documents\visual studio 2012\projects\kkursovik\kkursovik\main.cpp(84): error C2065: filestr: необъявленный идентификатор
     1>c:\users\usera\documents\visual studio 2012\projects\kkursovik\kkursovik\main.cpp(84): fatal error C1903: не удается восстановить после предыдущих ошибок; остановка компиляции
     1>Построение проекта "C:\Users\usera\Documents\Visual Studio 2012\Projects\kkursovik\kkursovik\kkursovik.vcxproj" завершено (целевые объекты Build) с ошибкой.

Сбой построения.

Затраченное время: 00:00:02.12
